This file contains any messages produced by compilers while
running configure, to aid debugging if configure makes a mistake.

It was created by libjpeg-turbo configure 1.1.90, which was
generated by GNU Autoconf 2.61.  Invocation command line was

  $ ./configure --host arm-apple-darwin10 --enable-static --disable-shared CC=/usr/bin/cc LD=/usr/bin/cc CFLAGS=-O3 -m32 LDFLAGS=-m32

## --------- ##
## Platform. ##
## --------- ##

hostname = DTSN-02994-Davids-MB-Pro.local
uname -m = x86_64
uname -r = 11.2.0
uname -s = Darwin
uname -v = Darwin Kernel Version 11.2.0: Tue Aug  9 20:54:00 PDT 2011; root:xnu-1699.24.8~1/RELEASE_X86_64

/usr/bin/uname -p = i386
/bin/uname -X     = unknown

/bin/arch              = unknown
/usr/bin/arch -k       = unknown
/usr/convex/getsysinfo = unknown
/usr/bin/hostinfo      = Mach kernel version:
	 Darwin Kernel Version 11.2.0: Tue Aug  9 20:54:00 PDT 2011; root:xnu-1699.24.8~1/RELEASE_X86_64
Kernel configured for up to 4 processors.
2 processors are physically available.
4 processors are logically available.
Processor type: i486 (Intel 80486)
Processors active: 0 1 2 3
Primary memory available: 8.00 gigabytes
Default processor set: 129 tasks, 641 threads, 4 processors
Load average: 1.72, Mach factor: 2.27
/bin/machine           = unknown
/usr/bin/oslevel       = unknown
/bin/universe          = unknown

PATH: /Volumes/Data/git/libjpeg-turbo-builder
PATH: /Developer/Platforms/iPhoneOS.platform/Developer/usr/bin
PATH: /Developer/usr/bin
PATH: /usr/bin
PATH: /bin
PATH: /usr/sbin
PATH: /sbin


## ----------- ##
## Core tests. ##
## ----------- ##

configure:1920: checking for a BSD-compatible install
configure:1976: result: /usr/bin/install -c
configure:1987: checking whether build environment is sane
configure:2030: result: yes
configure:2058: checking for a thread-safe mkdir -p
configure:2097: result: ./install-sh -c -d
configure:2110: checking for gawk
configure:2140: result: no
configure:2110: checking for mawk
configure:2140: result: no
configure:2110: checking for nawk
configure:2140: result: no
configure:2110: checking for awk
configure:2126: found /usr/bin/awk
configure:2137: result: awk
configure:2148: checking whether make sets $(MAKE)
configure:2169: result: yes
configure:2249: checking for arm-apple-darwin10-strip
configure:2279: result: no
configure:2289: checking for strip
configure:2305: found /Developer/Platforms/iPhoneOS.platform/Developer/usr/bin/strip
configure:2316: result: strip
configure:2381: checking for style of include used by make
configure:2409: result: GNU
configure:2439: checking for arm-apple-darwin10-gcc
configure:2466: result: /usr/bin/cc
configure:2744: checking for C compiler version
configure:2751: /usr/bin/cc --version >&5
i686-apple-darwin11-llvm-gcc-4.2 (GCC) 4.2.1 (Based on Apple Inc. build 5658) (LLVM build 2336.1.00)
Copyright (C) 2007 Free Software Foundation, Inc.
This is free software; see the source for copying conditions.  There is NO
warranty; not even for MERCHANTABILITY or FITNESS FOR A PARTICULAR PURPOSE.

configure:2754: $? = 0
configure:2761: /usr/bin/cc -v >&5
Using built-in specs.
Target: i686-apple-darwin11
Configured with: /private/var/tmp/llvmgcc42/llvmgcc42-2336.1~22/src/configure --disable-checking --enable-werror --prefix=/Developer/usr/llvm-gcc-4.2 --mandir=/share/man --enable-languages=c,objc,c++,obj-c++ --program-prefix=llvm- --program-transform-name=/^[cg][^.-]*$/s/$/-4.2/ --with-slibdir=/usr/lib --build=i686-apple-darwin11 --enable-llvm=/private/var/tmp/llvmgcc42/llvmgcc42-2336.1~22/dst-llvmCore/Developer/usr/local --program-prefix=i686-apple-darwin11- --host=x86_64-apple-darwin11 --target=i686-apple-darwin11 --with-gxx-include-dir=/usr/include/c++/4.2.1
Thread model: posix
gcc version 4.2.1 (Based on Apple Inc. build 5658) (LLVM build 2336.1.00)
configure:2764: $? = 0
configure:2771: /usr/bin/cc -V >&5
llvm-gcc-4.2: argument to `-V' is missing
configure:2774: $? = 1
configure:2797: checking for C compiler default output file name
configure:2824: /usr/bin/cc -O3 -m32  -m32 conftest.c  >&5
ld: warning: building for iOS, but linking against dylib built for MacOSX: /usr/lib/libSystem.dylib
configure:2827: $? = 0
configure:2865: result: a.out
configure:2882: checking whether the C compiler works
configure:2892: ./a.out
configure:2895: $? = 0
configure:2912: result: yes
configure:2919: checking whether we are cross compiling
configure:2921: result: no
configure:2924: checking for suffix of executables
configure:2931: /usr/bin/cc -o conftest -O3 -m32  -m32 conftest.c  >&5
ld: warning: building for iOS, but linking against dylib built for MacOSX: /usr/lib/libSystem.dylib
configure:2934: $? = 0
configure:2958: result: 
configure:2964: checking for suffix of object files
configure:2990: /usr/bin/cc -c -O3 -m32  conftest.c >&5
configure:2993: $? = 0
configure:3016: result: o
configure:3020: checking whether we are using the GNU C compiler
configure:3049: /usr/bin/cc -c -O3 -m32  conftest.c >&5
configure:3055: $? = 0
configure:3072: result: yes
configure:3077: checking whether /usr/bin/cc accepts -g
configure:3107: /usr/bin/cc -c -g  conftest.c >&5
configure:3113: $? = 0
configure:3212: result: yes
configure:3229: checking for /usr/bin/cc option to accept ISO C89
configure:3303: /usr/bin/cc  -c -O3 -m32  conftest.c >&5
configure:3309: $? = 0
configure:3332: result: none needed
configure:3352: checking dependency style of /usr/bin/cc
configure:3443: result: gcc3
configure:3463: checking how to run the C preprocessor
configure:3503: /usr/bin/cc -E  conftest.c
configure:3509: $? = 0
configure:3540: /usr/bin/cc -E  conftest.c
conftest.c:11:28: error: ac_nonexistent.h: No such file or directory
configure:3546: $? = 1
configure: failed program was:
| /* confdefs.h.  */
| #define PACKAGE_NAME "libjpeg-turbo"
| #define PACKAGE_TARNAME "libjpeg-turbo"
| #define PACKAGE_VERSION "1.1.90"
| #define PACKAGE_STRING "libjpeg-turbo 1.1.90"
| #define PACKAGE_BUGREPORT ""
| #define PACKAGE "libjpeg-turbo"
| #define VERSION "1.1.90"
| #define HAVE_PROTOTYPES 1
| /* end confdefs.h.  */
| #include <ac_nonexistent.h>
configure:3579: result: /usr/bin/cc -E
configure:3608: /usr/bin/cc -E  conftest.c
configure:3614: $? = 0
configure:3645: /usr/bin/cc -E  conftest.c
conftest.c:11:28: error: ac_nonexistent.h: No such file or directory
configure:3651: $? = 1
configure: failed program was:
| /* confdefs.h.  */
| #define PACKAGE_NAME "libjpeg-turbo"
| #define PACKAGE_TARNAME "libjpeg-turbo"
| #define PACKAGE_VERSION "1.1.90"
| #define PACKAGE_STRING "libjpeg-turbo 1.1.90"
| #define PACKAGE_BUGREPORT ""
| #define PACKAGE "libjpeg-turbo"
| #define VERSION "1.1.90"
| #define HAVE_PROTOTYPES 1
| /* end confdefs.h.  */
| #include <ac_nonexistent.h>
configure:3696: checking for arm-apple-darwin10-gcc
configure:3723: result: /usr/bin/cc
configure:4001: checking for C compiler version
configure:4008: /usr/bin/cc --version >&5
i686-apple-darwin11-llvm-gcc-4.2 (GCC) 4.2.1 (Based on Apple Inc. build 5658) (LLVM build 2336.1.00)
Copyright (C) 2007 Free Software Foundation, Inc.
This is free software; see the source for copying conditions.  There is NO
warranty; not even for MERCHANTABILITY or FITNESS FOR A PARTICULAR PURPOSE.

configure:4011: $? = 0
configure:4018: /usr/bin/cc -v >&5
Using built-in specs.
Target: i686-apple-darwin11
Configured with: /private/var/tmp/llvmgcc42/llvmgcc42-2336.1~22/src/configure --disable-checking --enable-werror --prefix=/Developer/usr/llvm-gcc-4.2 --mandir=/share/man --enable-languages=c,objc,c++,obj-c++ --program-prefix=llvm- --program-transform-name=/^[cg][^.-]*$/s/$/-4.2/ --with-slibdir=/usr/lib --build=i686-apple-darwin11 --enable-llvm=/private/var/tmp/llvmgcc42/llvmgcc42-2336.1~22/dst-llvmCore/Developer/usr/local --program-prefix=i686-apple-darwin11- --host=x86_64-apple-darwin11 --target=i686-apple-darwin11 --with-gxx-include-dir=/usr/include/c++/4.2.1
Thread model: posix
gcc version 4.2.1 (Based on Apple Inc. build 5658) (LLVM build 2336.1.00)
configure:4021: $? = 0
configure:4028: /usr/bin/cc -V >&5
llvm-gcc-4.2: argument to `-V' is missing
configure:4031: $? = 1
configure:4034: checking whether we are using the GNU C compiler
configure:4086: result: yes
configure:4091: checking whether /usr/bin/cc accepts -g
configure:4226: result: yes
configure:4243: checking for /usr/bin/cc option to accept ISO C89
configure:4346: result: none needed
configure:4366: checking dependency style of /usr/bin/cc
configure:4457: result: gcc3
configure:4481: checking dependency style of /usr/bin/cc
configure:4572: result: gcc3
configure:4600: checking for a BSD-compatible install
configure:4656: result: /usr/bin/install -c
configure:4698: checking build system type
configure:4716: result: i386-apple-darwin11.2.0
configure:4738: checking host system type
configure:4753: result: arm-apple-darwin10
configure:4796: checking how to print strings
configure:4823: result: printf
configure:4844: checking for a sed that does not truncate output
configure:4923: result: /usr/bin/sed
configure:4941: checking for grep that handles long lines and -e
configure:5015: result: /usr/bin/grep
configure:5020: checking for egrep
configure:5098: result: /usr/bin/grep -E
configure:5103: checking for fgrep
configure:5181: result: /usr/bin/grep -F
configure:5216: checking for ld used by /usr/bin/cc
configure:5283: result: /usr/bin/cc
configure:5292: checking if the linker (/usr/bin/cc) is GNU ld
configure:5307: result: no
configure:5319: checking for BSD- or MS-compatible name lister (nm)
configure:5368: result: no
configure:5382: checking for arm-apple-darwin10-dumpbin
configure:5412: result: no
configure:5382: checking for arm-apple-darwin10-link
configure:5412: result: no
configure:5426: checking for dumpbin
configure:5456: result: no
configure:5426: checking for link
configure:5442: found /bin/link
configure:5453: result: link -dump
configure:5502: checking the name lister (nm) interface
configure:5509: /usr/bin/cc -c -O3 -m32  conftest.c >&5
configure:5512: nm "conftest.o"
configure:5515: output
00000000 S _some_variable
configure:5522: result: BSD nm
configure:5525: checking whether ln -s works
configure:5529: result: yes
configure:5537: checking the maximum length of command line arguments
configure:5662: result: 196608
configure:5679: checking whether the shell understands some XSI constructs
configure:5689: result: yes
configure:5693: checking whether the shell understands "+="
configure:5699: result: yes
configure:5734: checking for /usr/bin/cc option to reload object files
configure:5741: result: -r
configure:5770: checking for arm-apple-darwin10-objdump
configure:5800: result: no
configure:5810: checking for objdump
configure:5840: result: no
configure:5873: checking how to recognize dependent libraries
configure:6075: result: pass_all
configure:6095: checking for arm-apple-darwin10-ar
configure:6125: result: no
configure:6135: checking for ar
configure:6151: found /Developer/Platforms/iPhoneOS.platform/Developer/usr/bin/ar
configure:6162: result: ar
configure:6204: checking for arm-apple-darwin10-strip
configure:6231: result: strip
configure:6307: checking for arm-apple-darwin10-ranlib
configure:6337: result: no
configure:6347: checking for ranlib
configure:6363: found /Developer/Platforms/iPhoneOS.platform/Developer/usr/bin/ranlib
configure:6374: result: ranlib
configure:6480: checking command to parse nm output from /usr/bin/cc object
configure:6598: /usr/bin/cc -c -O3 -m32  conftest.c >&5
configure:6601: $? = 0
configure:6605: nm conftest.o \| sed -n -e 's/^.*[ ]\([BCDEGRST][BCDEGRST]*\)[ ][ ]*\([_A-Za-z][_A-Za-z0-9]*\)$/\1 \2 \2/p' \> conftest.nm
configure:6608: $? = 0
cannot find nm_test_var in conftest.nm
configure:6598: /usr/bin/cc -c -O3 -m32  conftest.c >&5
configure:6601: $? = 0
configure:6605: nm conftest.o \| sed -n -e 's/^.*[ ]\([BCDEGRST][BCDEGRST]*\)[ ][ ]*_\([_A-Za-z][_A-Za-z0-9]*\)$/\1 _\2 \2/p' \> conftest.nm
configure:6608: $? = 0
configure:6662: /usr/bin/cc -o conftest -O3 -m32  -m32 conftest.c conftstm.o >&5
ld: warning: building for iOS, but linking against dylib built for MacOSX: /usr/lib/libSystem.dylib
configure:6665: $? = 0
configure:6703: result: ok
configure:6953: checking for arm-apple-darwin10-dsymutil
configure:6983: result: no
configure:6993: checking for dsymutil
configure:7009: found /Developer/usr/bin/dsymutil
configure:7020: result: dsymutil
configure:7049: checking for arm-apple-darwin10-nmedit
configure:7079: result: no
configure:7089: checking for nmedit
configure:7105: found /Developer/Platforms/iPhoneOS.platform/Developer/usr/bin/nmedit
configure:7116: result: nmedit
configure:7145: checking for arm-apple-darwin10-lipo
configure:7175: result: no
configure:7185: checking for lipo
configure:7201: found /Developer/Platforms/iPhoneOS.platform/Developer/usr/bin/lipo
configure:7212: result: lipo
configure:7241: checking for arm-apple-darwin10-otool
configure:7271: result: no
configure:7281: checking for otool
configure:7297: found /Developer/Platforms/iPhoneOS.platform/Developer/usr/bin/otool
configure:7308: result: otool
configure:7337: checking for arm-apple-darwin10-otool64
configure:7367: result: no
configure:7377: checking for otool64
configure:7407: result: no
configure:7456: checking for -single_module linker flag
/usr/bin/cc -O3 -m32 -m32 -o libconftest.dylib -dynamiclib -Wl,-single_module conftest.c
ld: warning: building for iOS, but linking against dylib built for MacOSX: /usr/lib/libSystem.dylib
configure:7483: result: no
configure:7485: checking for -exported_symbols_list linker flag
configure:7515: /usr/bin/cc -o conftest -O3 -m32  -m32 -Wl,-exported_symbols_list,conftest.sym conftest.c  >&5
ld: warning: building for iOS, but linking against dylib built for MacOSX: /usr/lib/libSystem.dylib
configure:7521: $? = 0
configure:7540: result: yes
configure:7542: checking for -force_load linker flag
/usr/bin/cc -O3 -m32 -c -o conftest.o conftest.c
ar cru libconftest.a conftest.o
ranlib libconftest.a
/usr/bin/cc -O3 -m32 -m32 -o conftest conftest.c -Wl,-force_load,./libconftest.a
ld: warning: building for iOS, but linking against dylib built for MacOSX: /usr/lib/libSystem.dylib
configure:7572: result: no
configure:7610: checking for ANSI C header files
configure:7640: /usr/bin/cc -c -O3 -m32  conftest.c >&5
configure:7646: $? = 0
configure:7745: /usr/bin/cc -o conftest -O3 -m32  -m32 conftest.c  >&5
ld: warning: building for iOS, but linking against dylib built for MacOSX: /usr/lib/libSystem.dylib
configure:7748: $? = 0
configure:7754: ./conftest
configure:7757: $? = 0
configure:7774: result: yes
configure:7798: checking for sys/types.h
configure:7819: /usr/bin/cc -c -O3 -m32  conftest.c >&5
configure:7825: $? = 0
configure:7841: result: yes
configure:7798: checking for sys/stat.h
configure:7819: /usr/bin/cc -c -O3 -m32  conftest.c >&5
configure:7825: $? = 0
configure:7841: result: yes
configure:7798: checking for stdlib.h
configure:7819: /usr/bin/cc -c -O3 -m32  conftest.c >&5
configure:7825: $? = 0
configure:7841: result: yes
configure:7798: checking for string.h
configure:7819: /usr/bin/cc -c -O3 -m32  conftest.c >&5
configure:7825: $? = 0
configure:7841: result: yes
configure:7798: checking for memory.h
configure:7819: /usr/bin/cc -c -O3 -m32  conftest.c >&5
configure:7825: $? = 0
configure:7841: result: yes
configure:7798: checking for strings.h
configure:7819: /usr/bin/cc -c -O3 -m32  conftest.c >&5
configure:7825: $? = 0
configure:7841: result: yes
configure:7798: checking for inttypes.h
configure:7819: /usr/bin/cc -c -O3 -m32  conftest.c >&5
configure:7825: $? = 0
configure:7841: result: yes
configure:7798: checking for stdint.h
configure:7819: /usr/bin/cc -c -O3 -m32  conftest.c >&5
configure:7825: $? = 0
configure:7841: result: yes
configure:7798: checking for unistd.h
configure:7819: /usr/bin/cc -c -O3 -m32  conftest.c >&5
configure:7825: $? = 0
configure:7841: result: yes
configure:7857: checking for dlfcn.h
configure:7878: /usr/bin/cc -c -O3 -m32  conftest.c >&5
configure:7884: $? = 0
configure:7900: result: yes
configure:8087: checking for objdir
configure:8102: result: .libs
configure:8369: checking if /usr/bin/cc supports -fno-rtti -fno-exceptions
configure:8387: /usr/bin/cc -c -O3 -m32  -fno-rtti -fno-exceptions conftest.c >&5
cc1: warning: command line option "-fno-rtti" is valid for C++/ObjC++ but not for C
configure:8391: $? = 0
configure:8404: result: no
configure:8424: checking for /usr/bin/cc option to produce PIC
configure:8709: result: -fno-common -DPIC
configure:8721: checking if /usr/bin/cc PIC flag -fno-common -DPIC works
configure:8739: /usr/bin/cc -c -O3 -m32  -fno-common -DPIC -DPIC conftest.c >&5
configure:8743: $? = 0
configure:8756: result: yes
configure:8780: checking if /usr/bin/cc static flag -static works
/usr/bin/ld_classic: can't locate file for: -lcrt0.o
configure:8808: result: no
configure:8823: checking if /usr/bin/cc supports -c -o file.o
configure:8844: /usr/bin/cc -c -O3 -m32  -o out/conftest2.o conftest.c >&5
configure:8848: $? = 0
configure:8870: result: yes
configure:8878: checking if /usr/bin/cc supports -c -o file.o
configure:8925: result: yes
configure:8958: checking whether the /usr/bin/cc linker (/usr/bin/cc) supports shared libraries
configure:10109: result: yes
configure:10354: checking dynamic linker characteristics
configure:11059: result: darwin10 dyld
configure:11166: checking how to hardcode library paths into programs
configure:11191: result: immediate
configure:12016: checking whether stripping libraries is possible
configure:12030: result: yes
configure:12056: checking if libtool supports shared libraries
configure:12058: result: yes
configure:12061: checking whether to build shared libraries
configure:12082: result: no
configure:12085: checking whether to build static libraries
configure:12089: result: yes
configure:12124: checking whether ln -s works
configure:12128: result: yes
configure:12137: checking whether compiler supports pointers to undefined structures
configure:12160: /usr/bin/cc -c -O3 -m32  conftest.c >&5
configure:12166: $? = 0
configure:12171: result: yes
configure:12197: checking whether __SUNPRO_C is declared
configure:12226: /usr/bin/cc -c -O3 -m32 -Wall conftest.c >&5
conftest.c: In function 'main':
conftest.c:60: error: '__SUNPRO_C' undeclared (first use in this function)
conftest.c:60: error: (Each undeclared identifier is reported only once
conftest.c:60: error: for each function it appears in.)
configure:12232: $? = 1
configure: failed program was:
| /* confdefs.h.  */
| #define PACKAGE_NAME "libjpeg-turbo"
| #define PACKAGE_TARNAME "libjpeg-turbo"
| #define PACKAGE_VERSION "1.1.90"
| #define PACKAGE_STRING "libjpeg-turbo 1.1.90"
| #define PACKAGE_BUGREPORT ""
| #define PACKAGE "libjpeg-turbo"
| #define VERSION "1.1.90"
| #define HAVE_PROTOTYPES 1
| #define STDC_HEADERS 1
| #define HAVE_SYS_TYPES_H 1
| #define HAVE_SYS_STAT_H 1
| #define HAVE_STDLIB_H 1
| #define HAVE_STRING_H 1
| #define HAVE_MEMORY_H 1
| #define HAVE_STRINGS_H 1
| #define HAVE_INTTYPES_H 1
| #define HAVE_STDINT_H 1
| #define HAVE_UNISTD_H 1
| #define HAVE_DLFCN_H 1
| #define LT_OBJDIR ".libs/"
| /* end confdefs.h.  */
| #include <stdio.h>
| #ifdef HAVE_SYS_TYPES_H
| # include <sys/types.h>
| #endif
| #ifdef HAVE_SYS_STAT_H
| # include <sys/stat.h>
| #endif
| #ifdef STDC_HEADERS
| # include <stdlib.h>
| # include <stddef.h>
| #else
| # ifdef HAVE_STDLIB_H
| #  include <stdlib.h>
| # endif
| #endif
| #ifdef HAVE_STRING_H
| # if !defined STDC_HEADERS && defined HAVE_MEMORY_H
| #  include <memory.h>
| # endif
| # include <string.h>
| #endif
| #ifdef HAVE_STRINGS_H
| # include <strings.h>
| #endif
| #ifdef HAVE_INTTYPES_H
| # include <inttypes.h>
| #endif
| #ifdef HAVE_STDINT_H
| # include <stdint.h>
| #endif
| #ifdef HAVE_UNISTD_H
| # include <unistd.h>
| #endif
| int
| main ()
| {
| #ifndef __SUNPRO_C
|   (void) __SUNPRO_C;
| #endif
| 
|   ;
|   return 0;
| }
configure:12247: result: no
configure:12264: checking for ANSI C header files
configure:12428: result: yes
configure:12455: checking stddef.h usability
configure:12472: /usr/bin/cc -c -O3 -m32 -Wall conftest.c >&5
configure:12478: $? = 0
configure:12492: result: yes
configure:12496: checking stddef.h presence
configure:12511: /usr/bin/cc -E -Wall conftest.c
configure:12517: $? = 0
configure:12531: result: yes
configure:12559: checking for stddef.h
configure:12567: result: yes
configure:12445: checking for stdlib.h
configure:12451: result: yes
configure:12445: checking for string.h
configure:12451: result: yes
configure:12581: checking for sys/types.h
configure:12586: result: yes
configure:12716: checking for an ANSI C-conforming const
configure:12791: /usr/bin/cc -c -O3 -m32 -Wall conftest.c >&5
configure:12797: $? = 0
configure:12812: result: yes
configure:12823: checking whether char is unsigned
configure:12851: /usr/bin/cc -c -O3 -m32 -Wall conftest.c >&5
configure:12857: $? = 0
configure:12872: result: no
configure:12881: checking for inline
configure:12907: /usr/bin/cc -c -O3 -m32 -Wall conftest.c >&5
configure:12913: $? = 0
configure:12931: result: inline
configure:12950: checking for size_t
configure:12980: /usr/bin/cc -c -O3 -m32 -Wall conftest.c >&5
configure:12986: $? = 0
configure:13001: result: yes
configure:13013: checking for unsigned char
configure:13043: /usr/bin/cc -c -O3 -m32 -Wall conftest.c >&5
configure:13049: $? = 0
configure:13064: result: yes
configure:13074: checking for unsigned short
configure:13104: /usr/bin/cc -c -O3 -m32 -Wall conftest.c >&5
configure:13110: $? = 0
configure:13125: result: yes
configure:13137: checking if right shift is signed
configure:13176: /usr/bin/cc -o conftest -O3 -m32 -Wall -m32 conftest.c  >&5
conftest.c: In function 'main':
conftest.c:48: warning: implicit declaration of function 'exit'
conftest.c:48: warning: incompatible implicit declaration of built-in function 'exit'
ld: warning: building for iOS, but linking against dylib built for MacOSX: /usr/lib/libSystem.dylib
configure:13179: $? = 0
configure:13185: ./conftest
configure:13188: $? = 1
configure: program exited with status 1
configure: failed program was:
| /* confdefs.h.  */
| #define PACKAGE_NAME "libjpeg-turbo"
| #define PACKAGE_TARNAME "libjpeg-turbo"
| #define PACKAGE_VERSION "1.1.90"
| #define PACKAGE_STRING "libjpeg-turbo 1.1.90"
| #define PACKAGE_BUGREPORT ""
| #define PACKAGE "libjpeg-turbo"
| #define VERSION "1.1.90"
| #define HAVE_PROTOTYPES 1
| #define STDC_HEADERS 1
| #define HAVE_SYS_TYPES_H 1
| #define HAVE_SYS_STAT_H 1
| #define HAVE_STDLIB_H 1
| #define HAVE_STRING_H 1
| #define HAVE_MEMORY_H 1
| #define HAVE_STRINGS_H 1
| #define HAVE_INTTYPES_H 1
| #define HAVE_STDINT_H 1
| #define HAVE_UNISTD_H 1
| #define HAVE_DLFCN_H 1
| #define LT_OBJDIR ".libs/"
| #define STDC_HEADERS 1
| #define HAVE_STDDEF_H 1
| #define HAVE_STDLIB_H 1
| #define HAVE_STRING_H 1
| #define NEED_SYS_TYPES_H 1
| #define HAVE_UNSIGNED_CHAR 1
| #define HAVE_UNSIGNED_SHORT 1
| /* end confdefs.h.  */
| #include <stdio.h>
| 	 int is_shifting_signed (long arg) {
| 	 long res = arg >> 4;
| 
| 	 if (res == -0x7F7E80CL)
| 		return 1; /* right shift is signed */
| 
| 	 /* see if unsigned-shift hack will fix it. */
| 	 /* we can't just test exact value since it depends on width of long... */
| 	 res |= (~0L) << (32-4);
| 	 if (res == -0x7F7E80CL)
| 		return 0; /* right shift is unsigned */
| 
| 	 printf("Right shift isn't acting as I expect it to.\n");
| 	 printf("I fear the JPEG software will not work at all.\n\n");
| 	 return 0; /* try it with unsigned anyway */
| 	 }
| 	 int main (void) {
| 		exit(is_shifting_signed(-0x7F7E80B1L));
| 	 }
configure:13203: result: yes
configure:13212: checking for short external names
configure:13236: /usr/bin/cc -o conftest -O3 -m32 -Wall -m32 conftest.c  >&5
ld: warning: building for iOS, but linking against dylib built for MacOSX: /usr/lib/libSystem.dylib
configure:13242: $? = 0
configure:13248: result: ok
configure:13272: checking for memset
configure:13328: /usr/bin/cc -o conftest -O3 -m32 -Wall -m32 conftest.c  >&5
conftest.c:53: warning: conflicting types for built-in function 'memset'
ld: warning: building for iOS, but linking against dylib built for MacOSX: /usr/lib/libSystem.dylib
configure:13334: $? = 0
configure:13352: result: yes
configure:13272: checking for memcpy
configure:13328: /usr/bin/cc -o conftest -O3 -m32 -Wall -m32 conftest.c  >&5
conftest.c:54: warning: conflicting types for built-in function 'memcpy'
ld: warning: building for iOS, but linking against dylib built for MacOSX: /usr/lib/libSystem.dylib
configure:13334: $? = 0
configure:13352: result: yes
configure:13369: checking libjpeg API version
configure:13397: result: 6.2
configure:13405: checking libjpeg shared library version
configure:13421: result: 62:0
configure:13433: checking whether the linker supports version scripts
configure:13463: /usr/bin/cc -o conftest -O3 -m32 -Wall -m32 -Wl,--version-script,conftest.map conftest.c  >&5
ld: unknown option: --version-script
collect2: ld returned 1 exit status
configure:13469: $? = 1
configure: failed program was:
| /* confdefs.h.  */
| #define PACKAGE_NAME "libjpeg-turbo"
| #define PACKAGE_TARNAME "libjpeg-turbo"
| #define PACKAGE_VERSION "1.1.90"
| #define PACKAGE_STRING "libjpeg-turbo 1.1.90"
| #define PACKAGE_BUGREPORT ""
| #define PACKAGE "libjpeg-turbo"
| #define VERSION "1.1.90"
| #define HAVE_PROTOTYPES 1
| #define STDC_HEADERS 1
| #define HAVE_SYS_TYPES_H 1
| #define HAVE_SYS_STAT_H 1
| #define HAVE_STDLIB_H 1
| #define HAVE_STRING_H 1
| #define HAVE_MEMORY_H 1
| #define HAVE_STRINGS_H 1
| #define HAVE_INTTYPES_H 1
| #define HAVE_STDINT_H 1
| #define HAVE_UNISTD_H 1
| #define HAVE_DLFCN_H 1
| #define LT_OBJDIR ".libs/"
| #define STDC_HEADERS 1
| #define HAVE_STDDEF_H 1
| #define HAVE_STDLIB_H 1
| #define HAVE_STRING_H 1
| #define NEED_SYS_TYPES_H 1
| #define HAVE_UNSIGNED_CHAR 1
| #define HAVE_UNSIGNED_SHORT 1
| #define HAVE_MEMSET 1
| #define HAVE_MEMCPY 1
| #define JPEG_LIB_VERSION 62
| /* end confdefs.h.  */
| 
| int
| main ()
| {
| 
|   ;
|   return 0;
| }
configure:13509: /usr/bin/cc -o conftest -O3 -m32 -Wall -m32 -Wl,-M,conftest.map conftest.c  >&5
ld: warning: ignoring file conftest.map, file was built for unsupported file format which is not the architecture being linked (i386)
ld: warning: building for iOS, but linking against dylib built for MacOSX: /usr/lib/libSystem.dylib
configure:13515: $? = 0
configure:13521: result: yes (Sun style)
configure:13540: checking whether to use version script when building libjpeg-turbo
configure:13542: result: yes
configure:13556: checking for inline
configure:13581: /usr/bin/cc -c -O3 -m32 -Wall conftest.c >&5
conftest.c: In function 'main':
conftest.c:37: warning: control reaches end of non-void function
configure:13587: $? = 0
configure:13724: result: __attribute__((always_inline))
configure:13732: checking whether to include arithmetic encoding support
configure:13749: result: yes
configure:13761: checking whether to include arithmetic decoding support
configure:13778: result: yes
configure:13818: checking whether to build TurboJPEG/OSS Java wrapper
configure:14002: result: no
configure:14046: checking if we have SIMD optimisations for cpu type
configure:14458: result: yes (arm)
configure:14460: checking if the assembler is GNU-compatible and can be used
configure:14484: /usr/bin/cc -c -O3 -m32 -x assembler-with-cpp -Wall conftest.c >&5
conftest.c:3:Unknown pseudo-op: .fpu
conftest.c:3:Rest of line ignored. 1st junk character valued 110 (n).
conftest.c:4:no such architecture: `armv7a'
conftest.c:5:Unknown pseudo-op: .object_arch
conftest.c:5:Rest of line ignored. 1st junk character valued 97 (a).
conftest.c:6:Unknown pseudo-op: .arm
conftest.c:7:no such instruction: `pld [r0]'
conftest.c:8:invalid character '.' in mnemonic
configure:14490: $? = 1
configure: failed program was:
| 
|     .text
|     .fpu neon
|     .arch armv7a
|     .object_arch armv4
|     .arm
|     pld [r0]
|     vmovn.u16 d0, q0
configure:14524: gas-preprocessor.pl /usr/bin/cc -c -O3 -m32 -x assembler-with-cpp -Wall conftest.c >&5
/Volumes/Data/git/libjpeg-turbo-builder/gas-preprocessor.pl: line 1: syntax error near unexpected token `newline'
/Volumes/Data/git/libjpeg-turbo-builder/gas-preprocessor.pl: line 1: `<!DOCTYPE html>'
configure:14530: $? = 2
configure: failed program was:
| 
|       .text
|       .fpu neon
|       .arch armv7a
|       .object_arch armv4
|       .arm
|       pld [r0]
|       vmovn.u16 d0, q0
configure:14559: result: no
configure:14562: WARNING: SIMD support can't be enabled.  Performance will suffer.
configure:14891: creating ./config.status

## ---------------------- ##
## Running config.status. ##
## ---------------------- ##

This file was extended by libjpeg-turbo config.status 1.1.90, which was
generated by GNU Autoconf 2.61.  Invocation command line was

  CONFIG_FILES    = 
  CONFIG_HEADERS  = 
  CONFIG_LINKS    = 
  CONFIG_COMMANDS = 
  $ ./config.status 

on DTSN-02994-Davids-MB-Pro.local

config.status:907: creating pkgscripts/libjpeg-turbo.spec
config.status:907: creating pkgscripts/makecygwinpkg
config.status:907: creating pkgscripts/makedpkg
config.status:907: creating pkgscripts/makemacpkg
config.status:907: creating pkgscripts/Description.plist
config.status:907: creating pkgscripts/Info.plist
config.status:907: creating pkgscripts/uninstall
config.status:907: creating pkgscripts/makesunpkg
config.status:907: creating pkgscripts/pkginfo
config.status:907: creating libjpeg.map
config.status:907: creating Makefile
config.status:907: creating simd/Makefile
config.status:907: creating java/Makefile
config.status:907: creating config.h
config.status:1150: config.h is unchanged
config.status:907: creating jconfig.h
config.status:1150: jconfig.h is unchanged
config.status:1196: executing depfiles commands
config.status:1196: executing libtool commands

## ---------------- ##
## Cache variables. ##
## ---------------- ##

ac_cv_build=i386-apple-darwin11.2.0
ac_cv_c_char_unsigned=no
ac_cv_c_compiler_gnu=yes
ac_cv_c_const=yes
ac_cv_c_inline=inline
ac_cv_env_CCASFLAGS_set=
ac_cv_env_CCASFLAGS_value=
ac_cv_env_CCAS_set=
ac_cv_env_CCAS_value=
ac_cv_env_CC_set=set
ac_cv_env_CC_value=/usr/bin/cc
ac_cv_env_CFLAGS_set=set
ac_cv_env_CFLAGS_value='-O3 -m32'
ac_cv_env_CPPFLAGS_set=
ac_cv_env_CPPFLAGS_value=
ac_cv_env_CPP_set=
ac_cv_env_CPP_value=
ac_cv_env_JAR_set=
ac_cv_env_JAR_value=
ac_cv_env_JAVACFLAGS_set=
ac_cv_env_JAVACFLAGS_value=
ac_cv_env_JAVAC_set=
ac_cv_env_JAVAC_value=
ac_cv_env_JAVA_set=
ac_cv_env_JAVA_value=
ac_cv_env_JNI_CFLAGS_set=
ac_cv_env_JNI_CFLAGS_value=
ac_cv_env_JPEG_LIB_VERSION_set=
ac_cv_env_JPEG_LIB_VERSION_value=
ac_cv_env_LDFLAGS_set=set
ac_cv_env_LDFLAGS_value=-m32
ac_cv_env_LIBS_set=
ac_cv_env_LIBS_value=
ac_cv_env_SO_MAJOR_VERSION_set=
ac_cv_env_SO_MAJOR_VERSION_value=
ac_cv_env_SO_MINOR_VERSION_set=
ac_cv_env_SO_MINOR_VERSION_value=
ac_cv_env_build_alias_set=
ac_cv_env_build_alias_value=
ac_cv_env_host_alias_set=set
ac_cv_env_host_alias_value=arm-apple-darwin10
ac_cv_env_target_alias_set=
ac_cv_env_target_alias_value=
ac_cv_func_memcpy=yes
ac_cv_func_memset=yes
ac_cv_have_decl___SUNPRO_C=no
ac_cv_header_dlfcn_h=yes
ac_cv_header_inttypes_h=yes
ac_cv_header_memory_h=yes
ac_cv_header_stdc=yes
ac_cv_header_stddef_h=yes
ac_cv_header_stdint_h=yes
ac_cv_header_stdlib_h=yes
ac_cv_header_string_h=yes
ac_cv_header_strings_h=yes
ac_cv_header_sys_stat_h=yes
ac_cv_header_sys_types_h=yes
ac_cv_header_unistd_h=yes
ac_cv_host=arm-apple-darwin10
ac_cv_objext=o
ac_cv_path_EGREP='/usr/bin/grep -E'
ac_cv_path_FGREP='/usr/bin/grep -F'
ac_cv_path_GREP=/usr/bin/grep
ac_cv_path_SED=/usr/bin/sed
ac_cv_path_install='/usr/bin/install -c'
ac_cv_prog_AWK=awk
ac_cv_prog_CC=/usr/bin/cc
ac_cv_prog_CPP='/usr/bin/cc -E'
ac_cv_prog_STRIP=strip
ac_cv_prog_ac_ct_AR=ar
ac_cv_prog_ac_ct_DSYMUTIL=dsymutil
ac_cv_prog_ac_ct_DUMPBIN='link -dump'
ac_cv_prog_ac_ct_LIPO=lipo
ac_cv_prog_ac_ct_NMEDIT=nmedit
ac_cv_prog_ac_ct_OTOOL=otool
ac_cv_prog_ac_ct_RANLIB=ranlib
ac_cv_prog_ac_ct_STRIP=strip
ac_cv_prog_cc_c89=
ac_cv_prog_cc_g=yes
ac_cv_prog_make_make_set=yes
ac_cv_type_size_t=yes
ac_cv_type_unsigned_char=yes
ac_cv_type_unsigned_short=yes
am_cv_CCAS_dependencies_compiler_type=gcc3
am_cv_CC_dependencies_compiler_type=gcc3
ljt_cv_inline='__attribute__((always_inline))'
lt_cv_apple_cc_single_mod=no
lt_cv_deplibs_check_method=pass_all
lt_cv_file_magic_cmd='$MAGIC_CMD'
lt_cv_file_magic_test_file=
lt_cv_ld_exported_symbols_list=yes
lt_cv_ld_force_load=no
lt_cv_ld_reload_flag=-r
lt_cv_nm_interface='BSD nm'
lt_cv_objdir=.libs
lt_cv_path_LD=/usr/bin/cc
lt_cv_path_NM=no
lt_cv_prog_compiler_c_o=yes
lt_cv_prog_compiler_pic_works=yes
lt_cv_prog_compiler_rtti_exceptions=no
lt_cv_prog_compiler_static_works=no
lt_cv_prog_gnu_ld=no
lt_cv_sys_global_symbol_pipe='sed -n -e '\''s/^.*[	 ]\([BCDEGRST][BCDEGRST]*\)[	 ][	 ]*_\([_A-Za-z][_A-Za-z0-9]*\)$/\1 _\2 \2/p'\'''
lt_cv_sys_global_symbol_to_c_name_address='sed -n -e '\''s/^: \([^ ]*\) $/  {\"\1\", (void *) 0},/p'\'' -e '\''s/^[BCDEGRST]* \([^ ]*\) \([^ ]*\)$/  {"\2", (void *) \&\2},/p'\'''
lt_cv_sys_global_symbol_to_c_name_address_lib_prefix='sed -n -e '\''s/^: \([^ ]*\) $/  {\"\1\", (void *) 0},/p'\'' -e '\''s/^[BCDEGRST]* \([^ ]*\) \(lib[^ ]*\)$/  {"\2", (void *) \&\2},/p'\'' -e '\''s/^[BCDEGRST]* \([^ ]*\) \([^ ]*\)$/  {"lib\2", (void *) \&\2},/p'\'''
lt_cv_sys_global_symbol_to_cdecl='sed -n -e '\''s/^T .* \(.*\)$/extern int \1();/p'\'' -e '\''s/^[BCDEGRST]* .* \(.*\)$/extern char \1;/p'\'''
lt_cv_sys_max_cmd_len=196608

## ----------------- ##
## Output variables. ##
## ----------------- ##

ACLOCAL='${SHELL} /Volumes/Data/git/libjpeg-turbo-builder/libjpeg-turbo/missing --run aclocal-1.10'
AMDEPBACKSLASH='\'
AMDEP_FALSE='#'
AMDEP_TRUE=''
AMTAR='${SHELL} /Volumes/Data/git/libjpeg-turbo-builder/libjpeg-turbo/missing --run tar'
AR='ar'
AUTOCONF='${SHELL} /Volumes/Data/git/libjpeg-turbo-builder/libjpeg-turbo/missing --run autoconf'
AUTOHEADER='${SHELL} /Volumes/Data/git/libjpeg-turbo-builder/libjpeg-turbo/missing --run autoheader'
AUTOMAKE='${SHELL} /Volumes/Data/git/libjpeg-turbo-builder/libjpeg-turbo/missing --run automake-1.10'
AWK='awk'
BUILD='20120208'
CC='/usr/bin/cc'
CCAS='/usr/bin/cc'
CCASDEPMODE='depmode=gcc3'
CCASFLAGS='-O3 -m32'
CCDEPMODE='depmode=gcc3'
CFLAGS='-O3 -m32'
CPP='/usr/bin/cc -E'
CPPFLAGS='-Wall'
CYGPATH_W='echo'
DEBARCH=''
DEFS='-DHAVE_CONFIG_H'
DEPDIR='.deps'
DSYMUTIL='dsymutil'
DUMPBIN=':'
ECHO_C=''
ECHO_N='-n'
ECHO_T=''
EGREP='/usr/bin/grep -E'
EXEEXT=''
FGREP='/usr/bin/grep -F'
GREP='/usr/bin/grep'
INSTALL_DATA='${INSTALL} -m 644'
INSTALL_PROGRAM='${INSTALL}'
INSTALL_SCRIPT='${INSTALL}'
INSTALL_STRIP_PROGRAM='$(install_sh) -c -s'
JAR='jar'
JAVA='java'
JAVAC='javac'
JAVACFLAGS=''
JAVA_RPM_CONTENTS_1=''
JAVA_RPM_CONTENTS_2=''
JNI_CFLAGS=''
JPEG_LIB_VERSION='62'
JPEG_LIB_VERSION_DECIMAL='6.2'
LD='/usr/bin/cc'
LDFLAGS='-m32'
LIBOBJS=''
LIBS=''
LIBTOOL='$(SHELL) $(top_builddir)/libtool'
LIPO='lipo'
LN_S='ln -s'
LTLIBOBJS=''
MAKEINFO='${SHELL} /Volumes/Data/git/libjpeg-turbo-builder/libjpeg-turbo/missing --run makeinfo'
NAFLAGS=''
NASM=''
NM='nm'
NMEDIT='nmedit'
OBJDUMP='false'
OBJEXT='o'
OTOOL64=':'
OTOOL='otool'
PACKAGE='libjpeg-turbo'
PACKAGE_BUGREPORT=''
PACKAGE_NAME='libjpeg-turbo'
PACKAGE_STRING='libjpeg-turbo 1.1.90'
PACKAGE_TARNAME='libjpeg-turbo'
PACKAGE_VERSION='1.1.90'
PATH_SEPARATOR=':'
RANLIB='ranlib'
RPMARCH=''
RPM_CONFIG_ARGS=''
SED='/usr/bin/sed'
SET_MAKE=''
SHELL='/bin/sh'
SIMD_ARM_FALSE=''
SIMD_ARM_TRUE='#'
SIMD_I386_FALSE=''
SIMD_I386_TRUE='#'
SIMD_X86_64_FALSE=''
SIMD_X86_64_TRUE='#'
SO_MAJOR_VERSION='62'
SO_MINOR_VERSION='0'
STRIP='strip'
VERSION='1.1.90'
VERSION_SCRIPT_FALSE='#'
VERSION_SCRIPT_FLAG='-Wl,-M,'
VERSION_SCRIPT_TRUE=''
WITH_ARITH_DEC_FALSE='#'
WITH_ARITH_DEC_TRUE=''
WITH_ARITH_ENC_FALSE='#'
WITH_ARITH_ENC_TRUE=''
WITH_ARITH_FALSE='#'
WITH_ARITH_TRUE=''
WITH_JAVA='0'
WITH_JAVA_FALSE=''
WITH_JAVA_TRUE='#'
WITH_SIMD_FALSE=''
WITH_SIMD_TRUE='#'
WITH_SSE_FLOAT_DCT_FALSE=''
WITH_SSE_FLOAT_DCT_TRUE='#'
X86_64_FALSE=''
X86_64_TRUE='#'
ac_ct_CC=''
ac_ct_DUMPBIN='link -dump'
am__fastdepCCAS_FALSE='#'
am__fastdepCCAS_TRUE=''
am__fastdepCC_FALSE='#'
am__fastdepCC_TRUE=''
am__include='include'
am__isrc=''
am__leading_dot='.'
am__quote=''
am__tar='${AMTAR} chof - "$$tardir"'
am__untar='${AMTAR} xf -'
bindir='${exec_prefix}/bin'
build='i386-apple-darwin11.2.0'
build_alias=''
build_cpu='i386'
build_os='darwin11.2.0'
build_vendor='apple'
datadir='${datarootdir}'
datarootdir='${prefix}/share'
docdir='${datarootdir}/doc/${PACKAGE_TARNAME}'
dvidir='${docdir}'
exec_prefix='${prefix}'
host='arm-apple-darwin10'
host_alias='arm-apple-darwin10'
host_cpu='arm'
host_os='darwin10'
host_vendor='apple'
htmldir='${docdir}'
includedir='${prefix}/include'
infodir='${datarootdir}/info'
install_sh='$(SHELL) /Volumes/Data/git/libjpeg-turbo-builder/libjpeg-turbo/install-sh'
libdir='${exec_prefix}/lib'
libexecdir='${exec_prefix}/libexec'
localedir='${datarootdir}/locale'
localstatedir='${prefix}/var'
mandir='${datarootdir}/man'
mkdir_p='$(top_builddir)/./install-sh -c -d'
oldincludedir='/usr/include'
pdfdir='${docdir}'
prefix='/opt/libjpeg-turbo'
program_transform_name='s,x,x,'
psdir='${docdir}'
sbindir='${exec_prefix}/sbin'
sharedstatedir='${prefix}/com'
sysconfdir='${prefix}/etc'
target_alias=''

## ----------- ##
## confdefs.h. ##
## ----------- ##

#define PACKAGE_NAME "libjpeg-turbo"
#define PACKAGE_TARNAME "libjpeg-turbo"
#define PACKAGE_VERSION "1.1.90"
#define PACKAGE_STRING "libjpeg-turbo 1.1.90"
#define PACKAGE_BUGREPORT ""
#define PACKAGE "libjpeg-turbo"
#define VERSION "1.1.90"
#define HAVE_PROTOTYPES 1
#define STDC_HEADERS 1
#define HAVE_SYS_TYPES_H 1
#define HAVE_SYS_STAT_H 1
#define HAVE_STDLIB_H 1
#define HAVE_STRING_H 1
#define HAVE_MEMORY_H 1
#define HAVE_STRINGS_H 1
#define HAVE_INTTYPES_H 1
#define HAVE_STDINT_H 1
#define HAVE_UNISTD_H 1
#define HAVE_DLFCN_H 1
#define LT_OBJDIR ".libs/"
#define STDC_HEADERS 1
#define HAVE_STDDEF_H 1
#define HAVE_STDLIB_H 1
#define HAVE_STRING_H 1
#define NEED_SYS_TYPES_H 1
#define HAVE_UNSIGNED_CHAR 1
#define HAVE_UNSIGNED_SHORT 1
#define HAVE_MEMSET 1
#define HAVE_MEMCPY 1
#define JPEG_LIB_VERSION 62
#define INLINE __attribute__((always_inline))
#define C_ARITH_CODING_SUPPORTED 1
#define D_ARITH_CODING_SUPPORTED 1
#define BUILD "20120208"

configure: exit 0
